32475
48753
72648
78234
87364
43596
73495
78962
79245
84679
95438
96853
23T67
68T37
6T234
826T4
97T65
T3269
T3785
T8297
24JT3
274J6
293J7
2J496
2J97T
34J96
463J2
49J2T
4J562
4J5T8
54TJ3
5J387
637J9
6758J
6J495
892JT
8J456
8J967
T59J6
TJ753
TJ826
J3T74
J4385
J7283
J8279
J84T6
J863T
JT325
JT839
35Q82
472Q6
4839Q
4TQ83
4J8QT
4Q378
632Q5
689Q2
68QJ5
6Q934
7T83Q
7Q25T
7Q952
8245Q
8293Q
82Q74
8453Q
84Q7T
8Q35J
94QJ5
963Q7
965QJ
T543Q
T658Q
TQ968
Q49T6
Q4T9J
Q5963
Q642J
Q65T9
Q743J
QJ352
QJ524
24K57
25QK8
27K46
2Q95K
2QTK5
2K5T3
345KJ
37QK5
37KQ6
439QK
43TK2
4K73T
4K78T
5K2J9
5K3Q2
65JK3
7TKQJ
7K598
8257K
835KJ
872KT
926K8
928K5
92KJ6
94K7T
9583K
9647K
9K354
T3KJ6
T46KQ
T4K68
T642K
TJ45K
TK723
J246K
J28K9
J6K97
JTK86
Q2KT9
Q56TK
Q6KJ5
QTK53
QTK82
K3574
K4Q6J
K52JQ
K68J5
K68J7
K6T82
K8236
K85T6
K9782
KT582
KT8Q3
KJQT8
239A8
2A53J
2A935
34J2A
378A6
3KA8Q
456AT
462AT
492A3
4JAT9
4A286
536AK
5A96K
5AT92
5AJT4
63TJA
63A7Q
64TA7
69AQ5
76A92
796QA
7JQ4A
82TAJ
8364A
86KAQ
8967A
95A4K
98A72
9A85K
T4QA9
TJ9KA
TJKA7
TKJ2A
TA76J
J2KA3
J34AK
J354A
J6A5K
J73TA
J7A95
J985A
Q2KA9
Q38A2
Q6A82
Q84TA
QJA2T
QKAJ5
QA632
QA6JT
QAT62
K4JA7
K53A8
K59A7
K63AQ
K7A32
K86A7
KQ7AJ
KA572
KA843
KA96T
A3T74
A3Q94
A5496
A5K32
A643T
A6K8J
A7248
A9K84
AQ876
AQJ48
AK79T
AKT36
22439
22835
24J55
24JJ6
25QKK
266J4
28499
285AA
2885J
28Q8A
28A85
2Q2A7
2K6A6
2KKQ4
2A779
339J7
34626
34QJQ
34AQ3
3544T
356QQ
366K9
3969J
3T7JT
3J949
3JTQQ
3Q26Q
3Q943
3K9T9
3AK34
4272Q
42JT2
43245
434A6
43J63
43AKA
449T3
47T48
486Q4
49266
49366
4T4J8
4T797
4J959
4K43T
4K84Q
4AQ84
5224Q
52J99
52AT2
55JK2
572K7
5778A
58365
58TTJ
5988Q
5T53K
5T586
5T6AA
5J4TJ
5Q495
5Q776
5K3KJ
5K5Q7
5A5J7
5AQQJ
62679
62AA7
63J3Q
63K64
645J6
64J4A
656J7
669KJ
66AK4
67875
67885
6844T
69486
69652
6986J
69T8T
6JJ72
6JQQ4
6JK86
6Q836
742AA
74J9J
75J7K
76659
77K3J
77AQJ
78T2T
79J92
79JTT
7T4J4
7TTAK
7Q782
7Q873
7KQ9Q
7KK94
7AJ8J
82A32
83J86
846TT
8823Q
889J6
88AJ6
8T699
8J538
8Q47Q
8QJ28
9329A
93763
9488J
94KAK
94A4J
969AK
96JQJ
96QT6
96KJK
99587
9J737
9JTJ4
9JJ7A
9QJ33
9KQA9
9KK27
T3328
T37JJ
T3Q7Q
T5669
T6687
T6993
T7JT4
T939J
TT36A
TTK9J
TQ34Q
TQA5T
TKJK7
TA338
TA5AK
TAT54
TAT84
TAA69
J233Q
J2J6Q
J2A7A
J5K4J
J5KAA
J64J7
J6649
J669Q
J69J2
J6K88
J8767
J92QQ
J9962
JT28T
JT2K2
JT992
JJ78Q
JJ834
JQ559
JQTT5
JK82K
JKTAA
JA4JK
JAJ37
Q33A5
Q49T9
Q4J47
Q5T4T
Q7J73
Q7Q54
Q85KQ
Q99T8
Q99K7
QT7TA
QTQ6J
QJ4J7
QJ733
QJ797
QJTT7
QJA5J
QQ8KT
QQJT8
QK3K2
QK8TK
QKJ7Q
QAQJT
K26J2
K492K
K54K3
K55Q3
K623K
K63JJ
K66A3
K6Q6J
K7957
K8J98
K8ATT
KT3KJ
KTT5Q
KTKA7
KJT4T
KQ6AQ
KQ79K
KQ955
KK6AT
KAJ22
A22J9
A3QJQ
A424Q
A5465
A57AT
A5988
A65KK
A6QTA
A7378
A759A
A7AJ6
A82KK
A95QQ
A9965
AT3JT
AJ335
AJ7KA
AJJ94
AQKK9
AA254
AA498
AA4Q9
AA7K6
AAJ94
224T4
22595
22663
228J8
233JJ
244J2
24TT4
25352
28278
28338
2T24T
2T32T
2TT33
2KAK2
322J3
32434
33585
33886
33QJJ
33QQJ
33K55
35232
35375
366Q3
37232
37399
37838
39369
3JT3T
3Q8Q8
3KKT3
3A9A3
443J3
44J99
44JAA
44Q9Q
44KJK
44KAK
45354
45949
49429
4TT49
4J466
4J554
4JTJT
4JJ24
4JQJQ
4Q4Q7
4QJQ4
4QQ54
4K242
4KTTK
525Q2
53359
55JKK
56445
575Q7
57QQ5
58AA8
59569
5J577
5A5KK
5AA5J
62T26
62J62
633KK
63653
65644
665Q5
667J7
667Q7
668JJ
68648
69968
6Q6AA
6KKJJ
73447
73TT7
75547
77JQQ
77A2A
77A6A
7T47T
7TKT7
7J6J6
7KK7J
82877
82T82
844J8
84648
84822
84847
84QQ4
85548
85587
8558J
86446
8822A
88J33
8T44T
8T778
8JK8K
8AJAJ
949KK
96269
96446
9779J
97898
9966J
99QQ5
9TT93
9J955
9K2K9
9KQQ9
T3TKK
T44JT
T5TQ5
T5K5T
T5KTK
T755T
T76T7
T8JTJ
T9K9K
TT5AA
TT744
TQTJQ
J3993
J44TJ
J5J99
J6363
J88AA
J9229
JTJ7T
JJ655
JJ828
JJKQQ
JKKAA
JA77A
Q22JQ
Q446Q
Q4A4A
Q7722
Q7Q37
Q83Q3
Q8Q8T
QJJTQ
QQ422
QQ6KK
QQ88J
QQA66
QKKQ8
QA33Q
K3434
K44JJ
K8585
KTJTK
KQ77K
KQQK5
KQKQ3
KK9JJ
KKQJQ
KAKAT
A442A
A6A46
A7J7J
A8484
ATAT3
AQQJJ
AA355
AA554
AAJTT
AAK88
22862
22J2K
22Q2J
22A2J
26T22
28868
28878
28K88
2QT22
2A333
2AAA3
33273
33376
33439
33739
3393T
355Q5
36Q66
3TT9T
3TTTK
3TTQT
3J3A3
3Q233
3K336
44426
44428
4445K
444AT
444AK
44674
44J45
44QT4
48688
488Q8
49399
4Q44A
4QQQK
5255J
52A55
533J3
54644
5559Q
55J35
55K57
56585
56Q55
5T5J5
5TJTT
5J554
5JK55
626T6
63866
64667
6676J
66865
6696T
66T76
6766K
68883
6TT9T
6J266
6J555
6J566
6QJ66
6QQQJ
6KKJK
72T77
75T55
76626
773J7
773Q7
7747K
7767K
7779Q
7888J
797A7
7JJJA
7JK77
7K888
7K8KK
7KKKA
8777T
88489
88748
888J2
888J3
88938
88J98
89A88
8J885
92252
94744
94844
949Q9
95949
9666K
99492
99498
9969T
998J9
999AQ
9TJTT
9J399
9JKKK
9Q989
9QQQ4
9A444
T4449
T444K
T4T7T
T4TT3
T4TTJ
T555Q
T6TTA
TT2T5
TT8T4
TT8T7
TTTQ9
TTTA2
TJJJQ
TKTTA
TKAKK
TAA3A
TAAJA
J3JQJ
J3KKK
J444Q
J4464
J5955
J6K66
J7767
J8555
J8666
J9599
J9994
JTTQT
JTKTT
JQQTQ
JQQQ2
JQAAA
JA5AA
JA9AA
JAA7A
Q2Q7Q
Q2KKK
Q4844
Q5333
Q55J5
Q5Q4Q
Q5Q7Q
Q66K6
Q888T
Q88K8
QQ5TQ
QQ5QJ
QQ7JQ
QQ87Q
QQQ47
QQQJ8
QAA9A
K4443
K5558
K8KK3
K96KK
KQQQ2
KK2K7
KK5TK
KK82K
KK8AK
KKQ6K
KKK35
KKKA3
KAJAA
A3JAA
A5444
A5AAQ
A7677
A7AA9
A8JAA
A8AA9
AQAKA
AKKK6
AKA4A
AA2A9
AA3A6
AAKA8
AAA42
AAA93
222QQ
23323
26262
26626
27722
28828
29292
2K22K
2A2A2
2AA2A
32223
33J3J
33JJJ
33A3A
34343
35355
36336
3T33T
3TTT3
3K3K3
42422
44422
44774
44QQQ
4Q44Q
4A44A
52552
53533
54445
55544
55888
5QQ55
63663
64466
66555
66J6J
66QQ6
66K6K
67667
6T6TT
6K6KK
75755
77333
77667
77744
77755
77Q7Q
77AAA
7TTT7
7J7J7
83838
84484
84848
85558
87787
88666
88T8T
88TTT
88QQ8
88A8A
89899
8J88J
93939
99494
99555
99559
99669
9J9J9
9Q9Q9
9Q9QQ
9K9K9
9KKK9
T2T22
TT44T
TTTQQ
TTJTJ
J22J2
J44J4
J555J
J9JJ9
JJJAA
Q3QQ3
QQ2Q2
QQTQT
QQJQJ
QKKKQ
K44K4
K4KK4
K7K77
K88K8
KJJKK
KQQKQ
KKK55
KKK77
A4A4A
A555A
AQAQA
AKAKA
AA8A8
AAJAJ
22225
222J2
22622
2TTTT
2QQQQ
32222
3333K
33433
33J33
38333
3QQQQ
44434
44445
444Q4
44944
44J44
48888
4K444
4A444
4AAAA
55552
55554
55565
55575
555J5
555K5
55A55
59999
62666
63333
66466
66656
66696
666J6
66K66
69999
6T666
6Q666
6A666
75777
77477
77776
77J77
77A77
79999
7T777
7TTTT
7Q777
7K777
82222
82888
83888
85888
88886
88887
8888J
8888Q
888K8
88988
88T88
95555
99899
99929
9999T
T9TTT
TTTT5
TTTT6
TTTTK
TTTTA
TJTTT
TKKKK
J8JJJ
J9999
J9JJJ
Q8QQQ
QQJQQ
QQQ4Q
QQQ6Q
QQQ7Q
K2KKK
K3KKK
K6KKK
KK5KK
KKK8K
KKKK4
KKKKJ
KAAAA
A5AAA
AJAAA
AQQQQ
AA2AA
AA7AA
AAATA
AAAA8
JJJJJ
250927134
Part 1: 6.988167ms
